17:12:24: Creating resource group General
17:12:25: Registering ResourceManager for type Material
17:12:25: Registering ResourceManager for type Mesh
17:12:25: Registering ResourceManager for type Skeleton
17:12:25: Loading library libOgrePlatform.so
17:12:25: OverlayElementFactory for type Panel registered.
17:12:25: OverlayElementFactory for type BorderPanel registered.
17:12:25: OverlayElementFactory for type TextArea registered.
17:12:25: Registering ResourceManager for type Font
17:12:25: ArchiveFactory for archive type FileSystem registered.
17:12:25: ArchiveFactory for archive type Zip registered.
17:12:25: DevIL version: Developer's Image Library (DevIL) 1.6.7 Mar 17 2005
17:12:26: DevIL image formats: bmp dib cut dcx dds gif hdr ico cur jpg jpe jpeg lif mdl mng jng pcx pic pix png pbm pgm pnm ppm psd pdd psp pxr sgi bw rgb rgba tga vda icb vst tif tiff wal xpm raw 
17:12:26: Registering ResourceManager for type HighLevelGpuProgram
17:12:26: An exception has been thrown!

-----------------------------------
Details:
-----------------------------------
Error #: 8
Function: ConfigFile::load
Description: 'plugins.cfg' file not found!. 
File: OgreConfigFile.cpp
Line: 68
Stack unwinding: <<beginning of stack>>
17:12:26: plugins.cfg not found, automatic plugin loading disabled.
17:12:26: *-*-* OGRE Initialising
17:12:26: *-*-* Version 1.0.0 (Azathoth)
17:12:26: An exception has been thrown!

-----------------------------------
Details:
-----------------------------------
Error #: 4
Function: SDLConfig::display
Description: Invalid RenderSystem number. 
File: OgreSDLConfig.cpp
Line: 52
Stack unwinding: <<beginning of stack>>
17:12:26: *-*-* OGRE Shutdown
17:12:26: Unregistering ResourceManager for type Font
17:12:26: Unregistering ResourceManager for type Skeleton
17:12:26: Unregistering ResourceManager for type Mesh
17:12:27: Unregistering ResourceManager for type HighLevelGpuProgram
17:12:27: Unregistering ResourceManager for type Material
17:12:27: Unloading library libOgrePlatform.so
