This file contains any messages produced by compilers while
running configure, to aid debugging if configure makes a mistake.

It was created by configure, which was
generated by GNU Autoconf 2.59.  Invocation command line was

  $ /home/hyperfusion/kdevelop/cosmos/configure --enable-debug=full

## --------- ##
## Platform. ##
## --------- ##

hostname = tapper
uname -m = i686
uname -r = 2.6.8-24.11-defaultjh1
uname -s = Linux
uname -v = #2 Thu Feb 17 17:35:57 PST 2005

/usr/bin/uname -p = unknown
/bin/uname -X     = unknown

/bin/arch              = i686
/usr/bin/arch -k       = unknown
/usr/convex/getsysinfo = unknown
hostinfo               = unknown
/bin/machine           = unknown
/usr/bin/oslevel       = unknown
/bin/universe          = unknown

PATH: /usr/java/jre1.5.0_01/bin
PATH: /home/hyperfusion/bin
PATH: /usr/local/bin
PATH: /usr/bin
PATH: /usr/X11R6/bin
PATH: /bin
PATH: /usr/games
PATH: /opt/gnome/bin
PATH: /opt/kde3/bin
PATH: /usr/lib/jvm/jre/bin


## ----------- ##
## Core tests. ##
## ----------- ##

configure:1539: checking for a BSD-compatible install
configure:1594: result: /usr/bin/install -c
configure:1605: checking whether build environment is sane
configure:1648: result: yes
configure:1713: checking for gawk
configure:1729: found /usr/bin/gawk
configure:1739: result: gawk
configure:1749: checking whether make sets $(MAKE)
configure:1769: result: yes
configure:1990: checking for gcc
configure:2006: found /usr/local/bin/gcc
configure:2016: result: gcc
configure:2260: checking for C compiler version
configure:2263: gcc --version </dev/null >&5
gcc (GCC) 3.3.4 (pre 3.3.5 20040809)
Copyright (C) 2003 Free Software Foundation, Inc.
This is free software; see the source for copying conditions.  There is NO
warranty; not even for MERCHANTABILITY or FITNESS FOR A PARTICULAR PURPOSE.

configure:2266: $? = 0
configure:2268: gcc -v </dev/null >&5
Reading specs from /usr/lib/gcc-lib/i586-suse-linux/3.3.4/specs
Configured with: ../configure --enable-threads=posix --prefix=/usr --with-local-prefix=/usr/local --infodir=/usr/share/info --mandir=/usr/share/man --enable-languages=c,c++,f77,objc,java,ada --disable-checking --libdir=/usr/lib --enable-libgcj --with-gxx-include-dir=/usr/include/g++ --with-slibdir=/lib --with-system-zlib --enable-shared --enable-__cxa_atexit i586-suse-linux
Thread model: posix
gcc version 3.3.4 (pre 3.3.5 20040809)
configure:2271: $? = 0
configure:2273: gcc -V </dev/null >&5
gcc: `-V' option must have argument
configure:2276: $? = 1
configure:2299: checking for C compiler default output file name
configure:2302: gcc    conftest.c  >&5
configure:2305: $? = 0
configure:2351: result: a.out
configure:2356: checking whether the C compiler works
configure:2362: ./a.out
configure:2365: $? = 0
configure:2382: result: yes
configure:2389: checking whether we are cross compiling
configure:2391: result: no
configure:2394: checking for suffix of executables
configure:2396: gcc -o conftest    conftest.c  >&5
configure:2399: $? = 0
configure:2424: result: 
configure:2430: checking for suffix of object files
configure:2451: gcc -c   conftest.c >&5
configure:2454: $? = 0
configure:2476: result: o
configure:2480: checking whether we are using the GNU C compiler
configure:2504: gcc -c   conftest.c >&5
configure:2510: $? = 0
configure:2514: test -z 
			 || test ! -s conftest.err
configure:2517: $? = 0
configure:2520: test -s conftest.o
configure:2523: $? = 0
configure:2536: result: yes
configure:2542: checking whether gcc accepts -g
configure:2563: gcc -c -g  conftest.c >&5
configure:2569: $? = 0
configure:2573: test -z 
			 || test ! -s conftest.err
configure:2576: $? = 0
configure:2579: test -s conftest.o
configure:2582: $? = 0
configure:2593: result: yes
configure:2610: checking for gcc option to accept ANSI C
configure:2680: gcc  -c -g -O2  conftest.c >&5
configure:2686: $? = 0
configure:2690: test -z 
			 || test ! -s conftest.err
configure:2693: $? = 0
configure:2696: test -s conftest.o
configure:2699: $? = 0
configure:2717: result: none needed
configure:2735: gcc -c -g -O2  conftest.c >&5
conftest.c:2: error: parse error before "me"
configure:2741: $? = 1
configure: failed program was:
| #ifndef __cplusplus
|   choke me
| #endif
configure:2885: checking for style of include used by make
configure:2913: result: GNU
configure:2941: checking dependency style of gcc
configure:3031: result: gcc3
configure:3100: checking for g++
configure:3116: found /usr/local/bin/g++
configure:3126: result: g++
configure:3142: checking for C++ compiler version
configure:3145: g++ --version </dev/null >&5
g++ (GCC) 3.3.4 (pre 3.3.5 20040809)
Copyright (C) 2003 Free Software Foundation, Inc.
This is free software; see the source for copying conditions.  There is NO
warranty; not even for MERCHANTABILITY or FITNESS FOR A PARTICULAR PURPOSE.

configure:3148: $? = 0
configure:3150: g++ -v </dev/null >&5
Reading specs from /usr/lib/gcc-lib/i586-suse-linux/3.3.4/specs
Configured with: ../configure --enable-threads=posix --prefix=/usr --with-local-prefix=/usr/local --infodir=/usr/share/info --mandir=/usr/share/man --enable-languages=c,c++,f77,objc,java,ada --disable-checking --libdir=/usr/lib --enable-libgcj --with-gxx-include-dir=/usr/include/g++ --with-slibdir=/lib --with-system-zlib --enable-shared --enable-__cxa_atexit i586-suse-linux
Thread model: posix
gcc version 3.3.4 (pre 3.3.5 20040809)
configure:3153: $? = 0
configure:3155: g++ -V </dev/null >&5
g++: `-V' option must have argument
configure:3158: $? = 1
configure:3161: checking whether we are using the GNU C++ compiler
configure:3185: g++ -c -O0 -g3  conftest.cc >&5
configure:3191: $? = 0
configure:3195: test -z 
			 || test ! -s conftest.err
configure:3198: $? = 0
configure:3201: test -s conftest.o
configure:3204: $? = 0
configure:3217: result: yes
configure:3223: checking whether g++ accepts -g
configure:3244: g++ -c -g  conftest.cc >&5
configure:3250: $? = 0
configure:3254: test -z 
			 || test ! -s conftest.err
configure:3257: $? = 0
configure:3260: test -s conftest.o
configure:3263: $? = 0
configure:3274: result: yes
configure:3316: g++ -c -O0 -g3  conftest.cc >&5
configure:3322: $? = 0
configure:3326: test -z 
			 || test ! -s conftest.err
configure:3329: $? = 0
configure:3332: test -s conftest.o
configure:3335: $? = 0
configure:3361: g++ -c -O0 -g3  conftest.cc >&5
conftest.cc: In function `int main()':
conftest.cc:15: error: `exit' undeclared (first use this function)
conftest.cc:15: error: (Each undeclared identifier is reported only once for 
   each function it appears in.)
configure:3367: $? = 1
configure: failed program was:
| /* confdefs.h.  */
| 
| #define PACKAGE_NAME ""
| #define PACKAGE_TARNAME ""
| #define PACKAGE_VERSION ""
| #define PACKAGE_STRING ""
| #define PACKAGE_BUGREPORT ""
| #define PACKAGE "cosmos"
| #define VERSION "0.1"
| /* end confdefs.h.  */
| 
| int
| main ()
| {
| exit (42);
|   ;
|   return 0;
| }
configure:3316: g++ -c -O0 -g3  conftest.cc >&5
configure:3322: $? = 0
configure:3326: test -z 
			 || test ! -s conftest.err
configure:3329: $? = 0
configure:3332: test -s conftest.o
configure:3335: $? = 0
configure:3361: g++ -c -O0 -g3  conftest.cc >&5
configure:3367: $? = 0
configure:3371: test -z 
			 || test ! -s conftest.err
configure:3374: $? = 0
configure:3377: test -s conftest.o
configure:3380: $? = 0
configure:3405: checking dependency style of g++
configure:3495: result: gcc3
configure:3590: checking build system type
configure:3608: result: i686-pc-linux-gnu
configure:3616: checking host system type
configure:3630: result: i686-pc-linux-gnu
configure:3638: checking for a sed that does not truncate output
configure:3692: result: /usr/bin/sed
configure:3695: checking for egrep
configure:3705: result: grep -E
configure:3721: checking for ld used by gcc
configure:3788: result: /usr/i586-suse-linux/bin/ld
configure:3797: checking if the linker (/usr/i586-suse-linux/bin/ld) is GNU ld
configure:3812: result: yes
configure:3817: checking for /usr/i586-suse-linux/bin/ld option to reload object files
configure:3824: result: -r
configure:3842: checking for BSD-compatible nm
configure:3884: result: /usr/bin/nm -B
configure:3888: checking whether ln -s works
configure:3892: result: yes
configure:3899: checking how to recognise dependent libraries
configure:4080: result: pass_all
configure:4294: checking how to run the C preprocessor
configure:4329: gcc -E  conftest.c
configure:4335: $? = 0
configure:4367: gcc -E  conftest.c
conftest.c:14:28: ac_nonexistent.h: No such file or directory
configure:4373: $? = 1
configure: failed program was:
| /* confdefs.h.  */
| 
| #define PACKAGE_NAME ""
| #define PACKAGE_TARNAME ""
| #define PACKAGE_VERSION ""
| #define PACKAGE_STRING ""
| #define PACKAGE_BUGREPORT ""
| #define PACKAGE "cosmos"
| #define VERSION "0.1"
| #ifdef __cplusplus
| extern "C" void std::exit (int) throw (); using std::exit;
| #endif
| /* end confdefs.h.  */
| #include <ac_nonexistent.h>
configure:4412: result: gcc -E
configure:4436: gcc -E  conftest.c
configure:4442: $? = 0
configure:4474: gcc -E  conftest.c
conftest.c:14:28: ac_nonexistent.h: No such file or directory
configure:4480: $? = 1
configure: failed program was:
| /* confdefs.h.  */
| 
| #define PACKAGE_NAME ""
| #define PACKAGE_TARNAME ""
| #define PACKAGE_VERSION ""
| #define PACKAGE_STRING ""
| #define PACKAGE_BUGREPORT ""
| #define PACKAGE "cosmos"
| #define VERSION "0.1"
| #ifdef __cplusplus
| extern "C" void std::exit (int) throw (); using std::exit;
| #endif
| /* end confdefs.h.  */
| #include <ac_nonexistent.h>
configure:4524: checking for ANSI C header files
configure:4549: gcc -c -g -O2  conftest.c >&5
configure:4555: $? = 0
configure:4559: test -z 
			 || test ! -s conftest.err
configure:4562: $? = 0
configure:4565: test -s conftest.o
configure:4568: $? = 0
configure:4657: gcc -o conftest -g -O2   conftest.c  >&5
configure:4660: $? = 0
configure:4662: ./conftest
configure:4665: $? = 0
configure:4680: result: yes
configure:4704: checking for sys/types.h
configure:4720: gcc -c -g -O2  conftest.c >&5
configure:4726: $? = 0
configure:4730: test -z 
			 || test ! -s conftest.err
configure:4733: $? = 0
configure:4736: test -s conftest.o
configure:4739: $? = 0
configure:4750: result: yes
configure:4704: checking for sys/stat.h
configure:4720: gcc -c -g -O2  conftest.c >&5
configure:4726: $? = 0
configure:4730: test -z 
			 || test ! -s conftest.err
configure:4733: $? = 0
configure:4736: test -s conftest.o
configure:4739: $? = 0
configure:4750: result: yes
configure:4704: checking for stdlib.h
configure:4720: gcc -c -g -O2  conftest.c >&5
configure:4726: $? = 0
configure:4730: test -z 
			 || test ! -s conftest.err
configure:4733: $? = 0
configure:4736: test -s conftest.o
configure:4739: $? = 0
configure:4750: result: yes
configure:4704: checking for string.h
configure:4720: gcc -c -g -O2  conftest.c >&5
configure:4726: $? = 0
configure:4730: test -z 
			 || test ! -s conftest.err
configure:4733: $? = 0
configure:4736: test -s conftest.o
configure:4739: $? = 0
configure:4750: result: yes
configure:4704: checking for memory.h
configure:4720: gcc -c -g -O2  conftest.c >&5
configure:4726: $? = 0
configure:4730: test -z 
			 || test ! -s conftest.err
configure:4733: $? = 0
configure:4736: test -s conftest.o
configure:4739: $? = 0
configure:4750: result: yes
configure:4704: checking for strings.h
configure:4720: gcc -c -g -O2  conftest.c >&5
configure:4726: $? = 0
configure:4730: test -z 
			 || test ! -s conftest.err
configure:4733: $? = 0
configure:4736: test -s conftest.o
configure:4739: $? = 0
configure:4750: result: yes
configure:4704: checking for inttypes.h
configure:4720: gcc -c -g -O2  conftest.c >&5
configure:4726: $? = 0
configure:4730: test -z 
			 || test ! -s conftest.err
configure:4733: $? = 0
configure:4736: test -s conftest.o
configure:4739: $? = 0
configure:4750: result: yes
configure:4704: checking for stdint.h
configure:4720: gcc -c -g -O2  conftest.c >&5
configure:4726: $? = 0
configure:4730: test -z 
			 || test ! -s conftest.err
configure:4733: $? = 0
configure:4736: test -s conftest.o
configure:4739: $? = 0
configure:4750: result: yes
configure:4704: checking for unistd.h
configure:4720: gcc -c -g -O2  conftest.c >&5
configure:4726: $? = 0
configure:4730: test -z 
			 || test ! -s conftest.err
configure:4733: $? = 0
configure:4736: test -s conftest.o
configure:4739: $? = 0
configure:4750: result: yes
configure:4776: checking dlfcn.h usability
configure:4788: gcc -c -g -O2  conftest.c >&5
configure:4794: $? = 0
configure:4798: test -z 
			 || test ! -s conftest.err
configure:4801: $? = 0
configure:4804: test -s conftest.o
configure:4807: $? = 0
configure:4817: result: yes
configure:4821: checking dlfcn.h presence
configure:4831: gcc -E  conftest.c
configure:4837: $? = 0
configure:4857: result: yes
configure:4892: checking for dlfcn.h
configure:4899: result: yes
configure:4917: checking how to run the C++ preprocessor
configure:4948: g++ -E  conftest.cc
configure:4954: $? = 0
configure:4986: g++ -E  conftest.cc
conftest.cc:25:28: ac_nonexistent.h: No such file or directory
configure:4992: $? = 1
configure: failed program was:
| /* confdefs.h.  */
| 
| #define PACKAGE_NAME ""
| #define PACKAGE_TARNAME ""
| #define PACKAGE_VERSION ""
| #define PACKAGE_STRING ""
| #define PACKAGE_BUGREPORT ""
| #define PACKAGE "cosmos"
| #define VERSION "0.1"
| #ifdef __cplusplus
| extern "C" void std::exit (int) throw (); using std::exit;
| #endif
| #define STDC_HEADERS 1
| #define HAVE_SYS_TYPES_H 1
| #define HAVE_SYS_STAT_H 1
| #define HAVE_STDLIB_H 1
| #define HAVE_STRING_H 1
| #define HAVE_MEMORY_H 1
| #define HAVE_STRINGS_H 1
| #define HAVE_INTTYPES_H 1
| #define HAVE_STDINT_H 1
| #define HAVE_UNISTD_H 1
| #define HAVE_DLFCN_H 1
| /* end confdefs.h.  */
| #include <ac_nonexistent.h>
configure:5031: result: g++ -E
configure:5055: g++ -E  conftest.cc
configure:5061: $? = 0
configure:5093: g++ -E  conftest.cc
conftest.cc:25:28: ac_nonexistent.h: No such file or directory
configure:5099: $? = 1
configure: failed program was:
| /* confdefs.h.  */
| 
| #define PACKAGE_NAME ""
| #define PACKAGE_TARNAME ""
| #define PACKAGE_VERSION ""
| #define PACKAGE_STRING ""
| #define PACKAGE_BUGREPORT ""
| #define PACKAGE "cosmos"
| #define VERSION "0.1"
| #ifdef __cplusplus
| extern "C" void std::exit (int) throw (); using std::exit;
| #endif
| #define STDC_HEADERS 1
| #define HAVE_SYS_TYPES_H 1
| #define HAVE_SYS_STAT_H 1
| #define HAVE_STDLIB_H 1
| #define HAVE_STRING_H 1
| #define HAVE_MEMORY_H 1
| #define HAVE_STRINGS_H 1
| #define HAVE_INTTYPES_H 1
| #define HAVE_STDINT_H 1
| #define HAVE_UNISTD_H 1
| #define HAVE_DLFCN_H 1
| /* end confdefs.h.  */
| #include <ac_nonexistent.h>
configure:5194: checking for g77
configure:5223: result: no
configure:5194: checking for f77
configure:5223: result: no
configure:5194: checking for xlf
configure:5223: result: no
configure:5194: checking for frt
configure:5223: result: no
configure:5194: checking for pgf77
configure:5223: result: no
configure:5194: checking for fort77
configure:5223: result: no
configure:5194: checking for fl32
configure:5223: result: no
configure:5194: checking for af77
configure:5223: result: no
configure:5194: checking for f90
configure:5223: result: no
configure:5194: checking for xlf90
configure:5223: result: no
configure:5194: checking for pgf90
configure:5223: result: no
configure:5194: checking for epcf90
configure:5223: result: no
configure:5194: checking for f95
configure:5223: result: no
configure:5194: checking for fort
configure:5223: result: no
configure:5194: checking for xlf95
configure:5223: result: no
configure:5194: checking for ifc
configure:5223: result: no
configure:5194: checking for efc
configure:5223: result: no
configure:5194: checking for pgf95
configure:5223: result: no
configure:5194: checking for lf95
configure:5223: result: no
configure:5194: checking for gfortran
configure:5223: result: no
configure:5235: checking for Fortran 77 compiler version
configure:5238:  --version </dev/null >&5
/home/hyperfusion/kdevelop/cosmos/configure: line 5239: --version: command not found
configure:5241: $? = 127
configure:5243:  -v </dev/null >&5
/home/hyperfusion/kdevelop/cosmos/configure: line 5244: -v: command not found
configure:5246: $? = 127
configure:5248:  -V </dev/null >&5
/home/hyperfusion/kdevelop/cosmos/configure: line 5249: -V: command not found
configure:5251: $? = 127
configure:5259: checking whether we are using the GNU Fortran 77 compiler
configure:5273:  -c  conftest.F >&5
/home/hyperfusion/kdevelop/cosmos/configure: line 5274: -c: command not found
configure:5279: $? = 127
configure: failed program was:
|       program main
| #ifndef __GNUC__
|        choke me
| #endif
| 
|       end
configure:5305: result: no
configure:5311: checking whether  accepts -g
configure:5323:  -c -g conftest.f >&5
/home/hyperfusion/kdevelop/cosmos/configure: line 5324: -c: command not found
configure:5329: $? = 127
configure: failed program was:
|       program main
| 
|       end
configure:5354: result: no
configure:5384: checking the maximum length of command line arguments
configure:5463: result: 32768
configure:5474: checking command to parse /usr/bin/nm -B output from gcc object
configure:5563: g++ -c -O0 -g3  conftest.cc >&5
configure:5566: $? = 0
configure:5570: /usr/bin/nm -B conftest.o \| sed -n -e 's/^.*[ 	]\([ABCDGIRSTW][ABCDGIRSTW]*\)[ 	][ 	]*\(\)\([_A-Za-z][_A-Za-z0-9]*\)$/\1 \2\3 \3/p' \> conftest.nm
configure:5573: $? = 0
configure:5625: g++ -o conftest -O0 -g3   conftest.cc conftstm.o >&5
configure:5628: $? = 0
configure:5666: result: ok
configure:5670: checking for objdir
configure:5685: result: .libs
configure:5775: checking for ar
configure:5791: found /usr/bin/ar
configure:5802: result: ar
configure:5855: checking for ranlib
configure:5871: found /usr/bin/ranlib
configure:5882: result: ranlib
configure:5935: checking for strip
configure:5951: found /usr/bin/strip
configure:5962: result: strip
configure:6226: checking if gcc static flag  works
configure:6249: result: yes
configure:6267: checking if gcc supports -fno-rtti -fno-exceptions
configure:6285: gcc -c -g -O2  -fno-rtti -fno-exceptions conftest.c >&5
cc1: warning: "-fno-rtti" is valid for C++ but not for C/ObjC
configure:6289: $? = 0
configure:6300: result: no
configure:6315: checking for gcc option to produce PIC
configure:6502: result: -fPIC
configure:6510: checking if gcc PIC flag -fPIC works
configure:6528: gcc -c -g -O2  -fPIC -DPIC conftest.c >&5
configure:6532: $? = 0
configure:6543: result: yes
configure:6567: checking if gcc supports -c -o file.o
configure:6588: gcc -c -g -O2  -o out/conftest2.o conftest.c >&5
configure:6592: $? = 0
configure:6612: result: yes
configure:6638: checking whether the gcc linker (/usr/i586-suse-linux/bin/ld) supports shared libraries
configure:7487: result: yes
configure:7513: checking whether -lc should be explicitly linked in
configure:7518: gcc -c -g -O2  conftest.c >&5
configure:7521: $? = 0
configure:7535: gcc -shared conftest.o  -v -Wl,-soname -Wl,conftest -o conftest 2\>\&1 \| grep  -lc  \>/dev/null 2\>\&1
configure:7538: $? = 0
configure:7550: result: no
configure:7558: checking dynamic linker characteristics
configure:8098: result: GNU/Linux ld.so
configure:8102: checking how to hardcode library paths into programs
configure:8127: result: immediate
configure:8141: checking whether stripping libraries is possible
configure:8146: result: yes
configure:8976: checking if libtool supports shared libraries
configure:8978: result: yes
configure:8981: checking whether to build shared libraries
configure:9002: result: yes
configure:9005: checking whether to build static libraries
configure:9009: result: yes
configure:9101: creating libtool
configure:9648: checking for ld used by g++
configure:9715: result: /usr/i586-suse-linux/bin/ld
configure:9724: checking if the linker (/usr/i586-suse-linux/bin/ld) is GNU ld
configure:9739: result: yes
configure:9790: checking whether the g++ linker (/usr/i586-suse-linux/bin/ld) supports shared libraries
configure:10655: result: yes
configure:10673: g++ -c -O0 -g3  conftest.cc >&5
configure:10676: $? = 0
configure:10772: checking for g++ option to produce PIC
configure:11034: result: -fPIC
configure:11042: checking if g++ PIC flag -fPIC works
configure:11060: g++ -c -O0 -g3  -fPIC -DPIC conftest.cc >&5
configure:11064: $? = 0
configure:11075: result: yes
configure:11099: checking if g++ supports -c -o file.o
configure:11120: g++ -c -O0 -g3  -o out/conftest2.o conftest.cc >&5
configure:11124: $? = 0
configure:11144: result: yes
configure:11170: checking whether the g++ linker (/usr/i586-suse-linux/bin/ld) supports shared libraries
configure:11195: result: yes
configure:11266: checking dynamic linker characteristics
configure:11806: result: GNU/Linux ld.so
configure:11810: checking how to hardcode library paths into programs
configure:11835: result: immediate
configure:11849: checking whether stripping libraries is possible
configure:11854: result: yes
configure:19112: checking for an ANSI C-conforming const
configure:19179: g++ -c -O0 -g3  conftest.cc >&5
configure:19185: $? = 0
configure:19189: test -z 
			 || test ! -s conftest.err
configure:19192: $? = 0
configure:19195: test -s conftest.o
configure:19198: $? = 0
configure:19209: result: yes
configure:19220: checking for stdbool.h that conforms to C99
configure:19273: g++ -c -O0 -g3  conftest.cc >&5
conftest.cc:46: error: syntax error before `:' token
configure:19279: $? = 1
configure: failed program was:
| /* confdefs.h.  */
| 
| #define PACKAGE_NAME ""
| #define PACKAGE_TARNAME ""
| #define PACKAGE_VERSION ""
| #define PACKAGE_STRING ""
| #define PACKAGE_BUGREPORT ""
| #define PACKAGE "cosmos"
| #define VERSION "0.1"
| #ifdef __cplusplus
| extern "C" void std::exit (int) throw (); using std::exit;
| #endif
| #define STDC_HEADERS 1
| #define HAVE_SYS_TYPES_H 1
| #define HAVE_SYS_STAT_H 1
| #define HAVE_STDLIB_H 1
| #define HAVE_STRING_H 1
| #define HAVE_MEMORY_H 1
| #define HAVE_STRINGS_H 1
| #define HAVE_INTTYPES_H 1
| #define HAVE_STDINT_H 1
| #define HAVE_UNISTD_H 1
| #define HAVE_DLFCN_H 1
| /* end confdefs.h.  */
| 
| #include <stdbool.h>
| #ifndef bool
| # error bool is not defined
| #endif
| #ifndef false
| # error false is not defined
| #endif
| #if false
| # error false is not 0
| #endif
| #ifndef true
| # error true is not defined
| #endif
| #if true != 1
| # error true is not 1
| #endif
| #ifndef __bool_true_false_are_defined
| # error __bool_true_false_are_defined is not defined
| #endif
| 
| 	struct s { _Bool s: 1; _Bool t; } s;
| 
| 	char a[true == 1 ? 1 : -1];
| 	char b[false == 0 ? 1 : -1];
| 	char c[__bool_true_false_are_defined == 1 ? 1 : -1];
| 	char d[(bool) -0.5 == true ? 1 : -1];
| 	bool e = &s;
| 	char f[(_Bool) -0.0 == false ? 1 : -1];
| 	char g[true];
| 	char h[sizeof (_Bool)];
| 	char i[sizeof s.t];
| 
| int
| main ()
| {
|  return !a + !b + !c + !d + !e + !f + !g + !h + !i;
|   ;
|   return 0;
| }
configure:19303: result: no
configure:19305: checking for _Bool
configure:19329: g++ -c -O0 -g3  conftest.cc >&5
conftest.cc: In function `int main()':
conftest.cc:62: error: `_Bool' undeclared (first use this function)
conftest.cc:62: error: (Each undeclared identifier is reported only once for 
   each function it appears in.)
conftest.cc:62: error: syntax error before `)' token
configure:19335: $? = 1
configure: failed program was:
| /* confdefs.h.  */
| 
| #define PACKAGE_NAME ""
| #define PACKAGE_TARNAME ""
| #define PACKAGE_VERSION ""
| #define PACKAGE_STRING ""
| #define PACKAGE_BUGREPORT ""
| #define PACKAGE "cosmos"
| #define VERSION "0.1"
| #ifdef __cplusplus
| extern "C" void std::exit (int) throw (); using std::exit;
| #endif
| #define STDC_HEADERS 1
| #define HAVE_SYS_TYPES_H 1
| #define HAVE_SYS_STAT_H 1
| #define HAVE_STDLIB_H 1
| #define HAVE_STRING_H 1
| #define HAVE_MEMORY_H 1
| #define HAVE_STRINGS_H 1
| #define HAVE_INTTYPES_H 1
| #define HAVE_STDINT_H 1
| #define HAVE_UNISTD_H 1
| #define HAVE_DLFCN_H 1
| /* end confdefs.h.  */
| #include <stdio.h>
| #if HAVE_SYS_TYPES_H
| # include <sys/types.h>
| #endif
| #if HAVE_SYS_STAT_H
| # include <sys/stat.h>
| #endif
| #if STDC_HEADERS
| # include <stdlib.h>
| # include <stddef.h>
| #else
| # if HAVE_STDLIB_H
| #  include <stdlib.h>
| # endif
| #endif
| #if HAVE_STRING_H
| # if !STDC_HEADERS && HAVE_MEMORY_H
| #  include <memory.h>
| # endif
| # include <string.h>
| #endif
| #if HAVE_STRINGS_H
| # include <strings.h>
| #endif
| #if HAVE_INTTYPES_H
| # include <inttypes.h>
| #else
| # if HAVE_STDINT_H
| #  include <stdint.h>
| # endif
| #endif
| #if HAVE_UNISTD_H
| # include <unistd.h>
| #endif
| int
| main ()
| {
| if ((_Bool *) 0)
|   return 0;
| if (sizeof (_Bool))
|   return 0;
|   ;
|   return 0;
| }
configure:19359: result: no
configure:19380: checking GCC version 3.x
configure:19388: result: yes
configure:19402: checking for pkg-config
configure:19420: found /usr/bin/pkg-config
configure:19433: result: /usr/bin/pkg-config
configure:19450: checking for OGRE
configure:19454: result: yes
configure:19458: checking OGRE_CFLAGS
configure:19461: result: -DGCC_3_1 -DEXT_HASH -I/usr/local/include/OGRE  
configure:19464: checking OGRE_LIBS
configure:19467: result: -L/usr/local/lib -lOgreMain  
configure:19614: creating ./config.status

## ---------------------- ##
## Running config.status. ##
## ---------------------- ##

This file was extended by config.status, which was
generated by GNU Autoconf 2.59.  Invocation command line was

  CONFIG_FILES    = 
  CONFIG_HEADERS  = 
  CONFIG_LINKS    = 
  CONFIG_COMMANDS = 
  $ ./config.status 

on tapper

config.status:723: creating Makefile
config.status:723: creating src/Makefile
config.status:723: creating src/Client/Makefile
config.status:723: creating src/Server/Makefile
config.status:723: creating src/Editor/Makefile
config.status:723: creating src/Client/UI/Makefile
config.status:723: creating src/Client/Engine/Makefile
config.status:820: creating config.h
config.status:1110: executing depfiles commands

## ---------------- ##
## Cache variables. ##
## ---------------- ##

ac_cv_build=i686-pc-linux-gnu
ac_cv_build_alias=i686-pc-linux-gnu
ac_cv_c_compiler_gnu=yes
ac_cv_c_const=yes
ac_cv_cxx_compiler_gnu=yes
ac_cv_env_CC_set=
ac_cv_env_CC_value=
ac_cv_env_CFLAGS_set=
ac_cv_env_CFLAGS_value=
ac_cv_env_CPPFLAGS_set=
ac_cv_env_CPPFLAGS_value=
ac_cv_env_CPP_set=
ac_cv_env_CPP_value=
ac_cv_env_CXXCPP_set=
ac_cv_env_CXXCPP_value=
ac_cv_env_CXXFLAGS_set=set
ac_cv_env_CXXFLAGS_value='-O0 -g3'
ac_cv_env_CXX_set=
ac_cv_env_CXX_value=
ac_cv_env_F77_set=
ac_cv_env_F77_value=
ac_cv_env_FFLAGS_set=
ac_cv_env_FFLAGS_value=
ac_cv_env_LDFLAGS_set=
ac_cv_env_LDFLAGS_value=
ac_cv_env_build_alias_set=
ac_cv_env_build_alias_value=
ac_cv_env_host_alias_set=
ac_cv_env_host_alias_value=
ac_cv_env_target_alias_set=
ac_cv_env_target_alias_value=
ac_cv_exeext=
ac_cv_f77_compiler_gnu=no
ac_cv_header_dlfcn_h=yes
ac_cv_header_inttypes_h=yes
ac_cv_header_memory_h=yes
ac_cv_header_stdbool_h=no
ac_cv_header_stdc=yes
ac_cv_header_stdint_h=yes
ac_cv_header_stdlib_h=yes
ac_cv_header_string_h=yes
ac_cv_header_strings_h=yes
ac_cv_header_sys_stat_h=yes
ac_cv_header_sys_types_h=yes
ac_cv_header_unistd_h=yes
ac_cv_host=i686-pc-linux-gnu
ac_cv_host_alias=i686-pc-linux-gnu
ac_cv_objext=o
ac_cv_path_PKG_CONFIG=/usr/bin/pkg-config
ac_cv_path_install='/usr/bin/install -c'
ac_cv_prog_AWK=gawk
ac_cv_prog_CPP='gcc -E'
ac_cv_prog_CXXCPP='g++ -E'
ac_cv_prog_ac_ct_AR=ar
ac_cv_prog_ac_ct_CC=gcc
ac_cv_prog_ac_ct_CXX=g++
ac_cv_prog_ac_ct_RANLIB=ranlib
ac_cv_prog_ac_ct_STRIP=strip
ac_cv_prog_cc_g=yes
ac_cv_prog_cc_stdc=
ac_cv_prog_cxx_g=yes
ac_cv_prog_egrep='grep -E'
ac_cv_prog_f77_g=no
ac_cv_prog_make_make_set=yes
ac_cv_type__Bool=no
am_cv_CC_dependencies_compiler_type=gcc3
am_cv_CXX_dependencies_compiler_type=gcc3
lt_cv_deplibs_check_method=pass_all
lt_cv_file_magic_cmd='$MAGIC_CMD'
lt_cv_file_magic_test_file='/lib/libc.so.6 /lib/libc-*.so'
lt_cv_ld_reload_flag=-r
lt_cv_objdir=.libs
lt_cv_path_LD=/usr/i586-suse-linux/bin/ld
lt_cv_path_LDCXX=/usr/i586-suse-linux/bin/ld
lt_cv_path_NM='/usr/bin/nm -B'
lt_cv_path_SED=/usr/bin/sed
lt_cv_prog_compiler_c_o=yes
lt_cv_prog_compiler_c_o_CXX=yes
lt_cv_prog_compiler_rtti_exceptions=no
lt_cv_prog_gnu_ld=yes
lt_cv_prog_gnu_ldcxx=yes
lt_cv_sys_global_symbol_pipe='sed -n -e '\''s/^.*[ 	]\([ABCDGIRSTW][ABCDGIRSTW]*\)[ 	][ 	]*\(\)\([_A-Za-z][_A-Za-z0-9]*\)$/\1 \2\3 \3/p'\'''
lt_cv_sys_global_symbol_to_c_name_address='sed -n -e '\''s/^: \([^ ]*\) $/  {\"\1\", (lt_ptr) 0},/p'\'' -e '\''s/^[BCDEGRST] \([^ ]*\) \([^ ]*\)$/  {"\2", (lt_ptr) \&\2},/p'\'''
lt_cv_sys_global_symbol_to_cdecl='sed -n -e '\''s/^. .* \(.*\)$/extern int \1;/p'\'''
lt_cv_sys_max_cmd_len=32768
lt_lt_cv_prog_compiler_c_o='"yes"'
lt_lt_cv_prog_compiler_c_o_CXX='"yes"'
lt_lt_cv_sys_global_symbol_pipe='"sed -n -e '\''s/^.*[ 	]\\([ABCDGIRSTW][ABCDGIRSTW]*\\)[ 	][ 	]*\\(\\)\\([_A-Za-z][_A-Za-z0-9]*\\)\$/\\1 \\2\\3 \\3/p'\''"'
lt_lt_cv_sys_global_symbol_to_c_name_address='"sed -n -e '\''s/^: \\([^ ]*\\) \$/  {\\\"\\1\\\", (lt_ptr) 0},/p'\'' -e '\''s/^[BCDEGRST] \\([^ ]*\\) \\([^ ]*\\)\$/  {\"\\2\", (lt_ptr) \\&\\2},/p'\''"'
lt_lt_cv_sys_global_symbol_to_cdecl='"sed -n -e '\''s/^. .* \\(.*\\)\$/extern int \\1;/p'\''"'

## ----------------- ##
## Output variables. ##
## ----------------- ##

ACLOCAL='${SHELL} /home/hyperfusion/kdevelop/cosmos/missing --run aclocal-1.9'
AMDEPBACKSLASH='\'
AMDEP_FALSE='#'
AMDEP_TRUE=''
AMTAR='${SHELL} /home/hyperfusion/kdevelop/cosmos/missing --run tar'
AR='ar'
AUTOCONF='${SHELL} /home/hyperfusion/kdevelop/cosmos/missing --run autoconf'
AUTOHEADER='${SHELL} /home/hyperfusion/kdevelop/cosmos/missing --run autoheader'
AUTOMAKE='${SHELL} /home/hyperfusion/kdevelop/cosmos/missing --run automake-1.9'
AWK='gawk'
CC='gcc'
CCDEPMODE='depmode=gcc3'
CFLAGS='-g -O2'
CPP='gcc -E'
CPPFLAGS=''
CXX='g++'
CXXCPP='g++ -E'
CXXDEPMODE='depmode=gcc3'
CXXFLAGS='-O0 -g3'
CYGPATH_W='echo'
DEFS='-DHAVE_CONFIG_H'
DEPDIR='.deps'
ECHO='echo'
ECHO_C=''
ECHO_N='-n'
ECHO_T=''
EGREP='grep -E'
EXEEXT=''
F77=''
FFLAGS=''
INSTALL_DATA='${INSTALL} -m 644'
INSTALL_PROGRAM='${INSTALL}'
INSTALL_SCRIPT='${INSTALL}'
INSTALL_STRIP_PROGRAM='${SHELL} $(install_sh) -c -s'
LDFLAGS=''
LIBOBJS=''
LIBS=''
LIBTOOL='$(SHELL) $(top_builddir)/libtool'
LN_S='ln -s'
LTLIBOBJS=''
MAKEINFO='${SHELL} /home/hyperfusion/kdevelop/cosmos/missing --run makeinfo'
OBJEXT='o'
OGRE_CFLAGS='-DGCC_3_1 -DEXT_HASH -I/usr/local/include/OGRE  '
OGRE_LIBS='-L/usr/local/lib -lOgreMain  '
PACKAGE='cosmos'
PACKAGE_BUGREPORT=''
PACKAGE_NAME=''
PACKAGE_STRING=''
PACKAGE_TARNAME=''
PACKAGE_VERSION=''
PATH_SEPARATOR=':'
PKG_CONFIG='/usr/bin/pkg-config'
RANLIB='ranlib'
SET_MAKE=''
SHELL='/bin/sh'
STRIP='strip'
VERSION='0.1'
ac_ct_AR='ar'
ac_ct_CC='gcc'
ac_ct_CXX='g++'
ac_ct_F77=''
ac_ct_RANLIB='ranlib'
ac_ct_STRIP='strip'
am__fastdepCC_FALSE='#'
am__fastdepCC_TRUE=''
am__fastdepCXX_FALSE='#'
am__fastdepCXX_TRUE=''
am__include='include'
am__leading_dot='.'
am__quote=''
am__tar='${AMTAR} chof - "$$tardir"'
am__untar='${AMTAR} xf -'
bindir='${exec_prefix}/bin'
build='i686-pc-linux-gnu'
build_alias=''
build_cpu='i686'
build_os='linux-gnu'
build_vendor='pc'
datadir='${prefix}/share'
exec_prefix='${prefix}'
host='i686-pc-linux-gnu'
host_alias=''
host_cpu='i686'
host_os='linux-gnu'
host_vendor='pc'
includedir='${prefix}/include'
infodir='${prefix}/info'
install_sh='/home/hyperfusion/kdevelop/cosmos/install-sh'
libdir='${exec_prefix}/lib'
libexecdir='${exec_prefix}/libexec'
localstatedir='${prefix}/var'
mandir='${prefix}/man'
mkdir_p='mkdir -p --'
oldincludedir='/usr/include'
prefix='/usr/local'
program_transform_name='s,x,x,'
sbindir='${exec_prefix}/sbin'
sharedstatedir='${prefix}/com'
sysconfdir='${prefix}/etc'
target_alias=''

## ----------- ##
## confdefs.h. ##
## ----------- ##

#define GCC_3_1
#define HAVE_DLFCN_H 1
#define HAVE_INTTYPES_H 1
#define HAVE_MEMORY_H 1
#define HAVE_STDINT_H 1
#define HAVE_STDLIB_H 1
#define HAVE_STRINGS_H 1
#define HAVE_STRING_H 1
#define HAVE_SYS_STAT_H 1
#define HAVE_SYS_TYPES_H 1
#define HAVE_UNISTD_H 1
#define PACKAGE "cosmos"
#define PACKAGE_BUGREPORT ""
#define PACKAGE_NAME ""
#define PACKAGE_STRING ""
#define PACKAGE_TARNAME ""
#define PACKAGE_VERSION ""
#define STDC_HEADERS 1
#define VERSION "0.1"
#endif
#ifdef __cplusplus
extern "C" void std::exit (int) throw (); using std::exit;

configure: exit 0

## ---------------------- ##
## Running config.status. ##
## ---------------------- ##

This file was extended by config.status, which was
generated by GNU Autoconf 2.59.  Invocation command line was

  CONFIG_FILES    = 
  CONFIG_HEADERS  = 
  CONFIG_LINKS    = 
  CONFIG_COMMANDS = 
  $ ./config.status src/Client/UI/Makefile depfiles

on tapper

config.status:723: creating src/Client/UI/Makefile
config.status:1110: executing depfiles commands

## ---------------------- ##
## Running config.status. ##
## ---------------------- ##

This file was extended by config.status, which was
generated by GNU Autoconf 2.59.  Invocation command line was

  CONFIG_FILES    = 
  CONFIG_HEADERS  = 
  CONFIG_LINKS    = 
  CONFIG_COMMANDS = 
  $ ./config.status src/Client/UI/Makefile depfiles

on tapper

config.status:723: creating src/Client/UI/Makefile
config.status:1110: executing depfiles commands
