22:14:48: Creating resource group General
22:14:48: Registering ResourceManager for type Material
22:14:48: Registering ResourceManager for type Mesh
22:14:48: Registering ResourceManager for type Skeleton
22:14:48: Loading library libOgrePlatform.so
22:14:48: OverlayElementFactory for type Panel registered.
22:14:48: OverlayElementFactory for type BorderPanel registered.
22:14:48: OverlayElementFactory for type TextArea registered.
22:14:48: Registering ResourceManager for type Font
22:14:48: ArchiveFactory for archive type FileSystem registered.
22:14:48: ArchiveFactory for archive type Zip registered.
22:14:48: DevIL version: Developer's Image Library (DevIL) 1.6.7 Mar 17 2005
22:14:48: DevIL image formats: bmp dib cut dcx dds gif hdr ico cur jpg jpe jpeg lif mdl mng jng pcx pic pix png pbm pgm pnm ppm psd pdd psp pxr sgi bw rgb rgba tga vda icb vst tif tiff wal xpm raw 
22:14:48: Registering ResourceManager for type HighLevelGpuProgram
22:14:48: An exception has been thrown!

-----------------------------------
Details:
-----------------------------------
Error #: 8
Function: ConfigFile::load
Description: 'plugins.cfg' file not found!. 
File: OgreConfigFile.cpp
Line: 68
Stack unwinding: <<beginning of stack>>
22:14:48: plugins.cfg not found, automatic plugin loading disabled.
22:14:48: *-*-* OGRE Initialising
22:14:48: *-*-* Version 1.0.0 (Azathoth)
22:14:52: An exception has been thrown!

-----------------------------------
Details:
-----------------------------------
Error #: 4
Function: SDLConfig::display
Description: Invalid RenderSystem number. 
File: OgreSDLConfig.cpp
Line: 52
Stack unwinding: <<beginning of stack>>
22:14:52: *-*-* OGRE Shutdown
22:14:52: Unregistering ResourceManager for type Font
22:14:52: Unregistering ResourceManager for type Skeleton
22:14:52: Unregistering ResourceManager for type Mesh
22:14:52: Unregistering ResourceManager for type HighLevelGpuProgram
22:14:52: Unregistering ResourceManager for type Material
22:14:52: Unloading library libOgrePlatform.so
